{"C:\\Users\\becky\\Desktop\\insure-landing\\js\\index.js": {"path":"C:\\Users\\becky\\Desktop\\insure-landing\\js\\index.js","statementMap":{"0":{"start":{"line":2,"column":21},"end":{"line":8,"column":1}},"1":{"start":{"line":3,"column":22},"end":{"line":3,"column":58}},"2":{"start":{"line":4,"column":22},"end":{"line":4,"column":67}},"3":{"start":{"line":4,"column":28},"end":{"line":4,"column":67}},"4":{"start":{"line":5,"column":20},"end":{"line":5,"column":114}},"5":{"start":{"line":5,"column":27},"end":{"line":5,"column":113}},"6":{"start":{"line":5,"column":74},"end":{"line":5,"column":113}},"7":{"start":{"line":6,"column":4},"end":{"line":6,"column":65}},"8":{"start":{"line":7,"column":4},"end":{"line":7,"column":47}},"9":{"start":{"line":11,"column":20},"end":{"line":22,"column":1}},"10":{"start":{"line":12,"column":22},"end":{"line":15,"column":5}},"11":{"start":{"line":13,"column":22},"end":{"line":13,"column":53}},"12":{"start":{"line":14,"column":8},"end":{"line":14,"column":94}},"13":{"start":{"line":14,"column":28},"end":{"line":14,"column":94}},"14":{"start":{"line":16,"column":23},"end":{"line":19,"column":5}},"15":{"start":{"line":17,"column":8},"end":{"line":17,"column":77}},"16":{"start":{"line":18,"column":8},"end":{"line":18,"column":48}},"17":{"start":{"line":20,"column":4},"end":{"line":20,"column":63}},"18":{"start":{"line":21,"column":4},"end":{"line":21,"column":15}},"19":{"start":{"line":25,"column":18},"end":{"line":25,"column":409}},"20":{"start":{"line":26,"column":21},"end":{"line":26,"column":85}},"21":{"start":{"line":26,"column":27},"end":{"line":26,"column":85}},"22":{"start":{"line":28,"column":0},"end":{"line":28,"column":15}},"23":{"start":{"line":29,"column":0},"end":{"line":29,"column":14}},"24":{"start":{"line":30,"column":0},"end":{"line":30,"column":15}},"25":{"start":{"line":32,"column":0},"end":{"line":32,"column":61}}},"fnMap":{"0":{"name":"(anonymous_0)","decl":{"start":{"line":2,"column":21},"end":{"line":2,"column":22}},"loc":{"start":{"line":2,"column":27},"end":{"line":8,"column":1}},"line":2},"1":{"name":"(anonymous_1)","decl":{"start":{"line":4,"column":22},"end":{"line":4,"column":23}},"loc":{"start":{"line":4,"column":28},"end":{"line":4,"column":67}},"line":4},"2":{"name":"(anonymous_2)","decl":{"start":{"line":5,"column":20},"end":{"line":5,"column":21}},"loc":{"start":{"line":5,"column":26},"end":{"line":5,"column":114}},"line":5},"3":{"name":"(anonymous_3)","decl":{"start":{"line":11,"column":20},"end":{"line":11,"column":21}},"loc":{"start":{"line":11,"column":26},"end":{"line":22,"column":1}},"line":11},"4":{"name":"(anonymous_4)","decl":{"start":{"line":12,"column":22},"end":{"line":12,"column":23}},"loc":{"start":{"line":12,"column":28},"end":{"line":15,"column":5}},"line":12},"5":{"name":"(anonymous_5)","decl":{"start":{"line":16,"column":23},"end":{"line":16,"column":24}},"loc":{"start":{"line":16,"column":29},"end":{"line":19,"column":5}},"line":16},"6":{"name":"(anonymous_6)","decl":{"start":{"line":26,"column":21},"end":{"line":26,"column":22}},"loc":{"start":{"line":26,"column":27},"end":{"line":26,"column":85}},"line":26}},"branchMap":{"0":{"loc":{"start":{"line":5,"column":27},"end":{"line":5,"column":113}},"type":"if","locations":[{"start":{"line":5,"column":27},"end":{"line":5,"column":113}},{"start":{"line":5,"column":27},"end":{"line":5,"column":113}}],"line":5},"1":{"loc":{"start":{"line":14,"column":8},"end":{"line":14,"column":94}},"type":"if","locations":[{"start":{"line":14,"column":8},"end":{"line":14,"column":94}},{"start":{"line":14,"column":8},"end":{"line":14,"column":94}}],"line":14}},"s":{"0":1,"1":1,"2":1,"3":1,"4":1,"5":0,"6":0,"7":1,"8":1,"9":1,"10":1,"11":1,"12":1,"13":1,"14":1,"15":1,"16":1,"17":1,"18":1,"19":1,"20":1,"21":1,"22":1,"23":1,"24":1,"25":1},"f":{"0":1,"1":1,"2":0,"3":1,"4":1,"5":1,"6":1},"b":{"0":[0,0],"1":[1,0]},"_coverageSchema":"1a1c01bbd47fc00a2c39e90264f33305004495a9","hash":"f7328f0c8411daad2abbb2cfc9cadce834d9a1fc"}
}
